(DEBUG:%:0.新闻id:`100657261`	标题:兰州火车站前被扔砖块))
(DEBUG:%:1.新闻id:`100646947`	标题:吉林一企业通勤客车失火已致10人遇难17人受伤))
(DEBUG:%:2.新闻id:`100651469`	标题:长沙街头发生砍人事件致6人死亡))
(DEBUG:%:3.新闻id:`100657721`	标题:北京通州梨园一早餐店发生爆炸))
(DEBUG:%:4.新闻id:`100657139`	标题:广东普宁内衣厂火灾致11人死))
(DEBUG:%:0.新闻id:`100649202`	标题:官方称3月5日天安门突发事件已获处置))
(DEBUG:%:1.新闻id:`100651130`	标题:刘汉与周滨的两次商业合作))
(DEBUG:%:2.新闻id:`100652262`	标题:【反腐周记】刘汉案3月底一审))
(DEBUG:%:3.新闻id:`100647068`	标题:西安警方设阻车器防止暴恐分子进城))
(DEBUG:%:4.新闻id:`100642302`	标题:【刘汉兴衰调查之一】兄弟红黑路))
(DEBUG:%:0.新闻id:`100607521`	标题:三中全会《决定》：雄心背后有难点))
(DEBUG:%:1.新闻id:`100499831`	标题:中编办：机构改革首先要简政放权))
(DEBUG:%:2.新闻id:`100625718`	标题:【舒立观察】谁来打破利益藩篱))
(DEBUG:%:3.新闻id:`100608012`	标题:《决定》与克强经济学))
(DEBUG:%:4.新闻id:`100493970`	标题:中国经济政策和体制改革面临的挑战))
(DEBUG:%:0.新闻id:`100657261`	标题:兰州火车站前被扔砖块))
(DEBUG:%:1.新闻id:`100657721`	标题:北京通州梨园一早餐店发生爆炸))
(DEBUG:%:2.新闻id:`100651469`	标题:长沙街头发生砍人事件致6人死亡))
(DEBUG:%:3.新闻id:`100657139`	标题:广东普宁内衣厂火灾致11人死))
(DEBUG:%:4.新闻id:`100646947`	标题:吉林一企业通勤客车失火已致10人遇难17人受伤))
(DEBUG:%:0.新闻id:`100657261`	标题:兰州火车站前被扔砖块))
(DEBUG:%:1.新闻id:`100646947`	标题:吉林一企业通勤客车失火已致10人遇难17人受伤))
(DEBUG:%:2.新闻id:`100651469`	标题:长沙街头发生砍人事件致6人死亡))
(DEBUG:%:3.新闻id:`100657721`	标题:北京通州梨园一早餐店发生爆炸))
(DEBUG:%:4.新闻id:`100657139`	标题:广东普宁内衣厂火灾致11人死))
